# JRE version: OpenJDK Runtime Environment (8.0_152-b01) (build 1.8.0_152-release-1248-b01)
# Java VM: OpenJDK 64-Bit Server VM (25.152-b01 mixed mode windows-amd64 compressed oops)
Heap:
 PSYoungGen      total 380928K, used 171783K [0x00000000e0000000, 0x00000000fbd80000, 0x0000000100000000)
  eden space 349184K, 43% used [0x00000000e0000000,0x00000000e9554988,0x00000000f5500000)
  from space 31744K, 59% used [0x00000000f5500000,0x00000000f676d640,0x00000000f7400000)
  to   space 31744K, 0% used [0x00000000f9e80000,0x00000000f9e80000,0x00000000fbd80000)
 ParOldGen       total 176640K, used 51252K [0x00000000a0000000, 0x00000000aac80000, 0x00000000e0000000)
  object space 176640K, 29% used [0x00000000a0000000,0x00000000a320d280,0x00000000aac80000)
 Metaspace       used 98187K, capacity 102314K, committed 102808K, reserved 1138688K
  class space    used 12260K, capacity 13070K, committed 13224K, reserved 1048576K
GC Heap History (10 events):
Event: 2329.213 GC heap before
{Heap before GC invocations=35 (full 4):
 PSYoungGen      total 285696K, used 259864K [0x00000000e0000000, 0x00000000f3b00000, 0x0000000100000000)
  eden space 252928K, 100% used [0x00000000e0000000,0x00000000ef700000,0x00000000ef700000)
  from space 32768K, 21% used [0x00000000f1b00000,0x00000000f21c62b8,0x00000000f3b00000)
  to   space 34816K, 0% used [0x00000000ef700000,0x00000000ef700000,0x00000000f1900000)
 ParOldGen       total 176640K, used 49388K [0x00000000a0000000, 0x00000000aac80000, 0x00000000e0000000)
  object space 176640K, 27% used [0x00000000a0000000,0x00000000a303b230,0x00000000aac80000)
 Metaspace       used 95317K, capacity 98932K, committed 100376K, reserved 1136640K
  class space    used 11954K, capacity 12676K, committed 13096K, reserved 1048576K
Event: 2329.220 GC heap after
Heap after GC invocations=35 (full 4):
 PSYoungGen      total 287744K, used 7236K [0x00000000e0000000, 0x00000000f6d80000, 0x0000000100000000)
  eden space 252928K, 0% used [0x00000000e0000000,0x00000000e0000000,0x00000000ef700000)
  from space 34816K, 20% used [0x00000000ef700000,0x00000000efe111a8,0x00000000f1900000)
  to   space 34304K, 0% used [0x00000000f4c00000,0x00000000f4c00000,0x00000000f6d80000)
 ParOldGen       total 176640K, used 49396K [0x00000000a0000000, 0x00000000aac80000, 0x00000000e0000000)
  object space 176640K, 27% used [0x00000000a0000000,0x00000000a303d230,0x00000000aac80000)
 Metaspace       used 95317K, capacity 98932K, committed 100376K, reserved 1136640K
  class space    used 11954K, capacity 12676K, committed 13096K, reserved 1048576K
}
Event: 2329.558 GC heap before
{Heap before GC invocations=36 (full 4):
 PSYoungGen      total 287744K, used 260164K [0x00000000e0000000, 0x00000000f6d80000, 0x0000000100000000)
  eden space 252928K, 100% used [0x00000000e0000000,0x00000000ef700000,0x00000000ef700000)
  from space 34816K, 20% used [0x00000000ef700000,0x00000000efe111a8,0x00000000f1900000)
  to   space 34304K, 0% used [0x00000000f4c00000,0x00000000f4c00000,0x00000000f6d80000)
 ParOldGen       total 176640K, used 49396K [0x00000000a0000000, 0x00000000aac80000, 0x00000000e0000000)
  object space 176640K, 27% used [0x00000000a0000000,0x00000000a303d230,0x00000000aac80000)
 Metaspace       used 95461K, capacity 99038K, committed 100376K, reserved 1136640K
  class space    used 11963K, capacity 12681K, committed 13096K, reserved 1048576K
Event: 2329.576 GC heap after
Heap after GC invocations=36 (full 4):
 PSYoungGen      total 337920K, used 11184K [0x00000000e0000000, 0x00000000f6b80000, 0x0000000100000000)
  eden space 305664K, 0% used [0x00000000e0000000,0x00000000e0000000,0x00000000f2a80000)
  from space 32256K, 34% used [0x00000000f4c00000,0x00000000f56ec360,0x00000000f6b80000)
  to   space 33280K, 0% used [0x00000000f2a80000,0x00000000f2a80000,0x00000000f4b00000)
 ParOldGen       total 176640K, used 49404K [0x00000000a0000000, 0x00000000aac80000, 0x00000000e0000000)
  object space 176640K, 27% used [0x00000000a0000000,0x00000000a303f230,0x00000000aac80000)
 Metaspace       used 95461K, capacity 99038K, committed 100376K, reserved 1136640K
  class space    used 11963K, capacity 12681K, committed 13096K, reserved 1048576K
}
Event: 2331.478 GC heap before
{Heap before GC invocations=37 (full 4):
 PSYoungGen      total 337920K, used 316848K [0x00000000e0000000, 0x00000000f6b80000, 0x0000000100000000)
  eden space 305664K, 100% used [0x00000000e0000000,0x00000000f2a80000,0x00000000f2a80000)
  from space 32256K, 34% used [0x00000000f4c00000,0x00000000f56ec360,0x00000000f6b80000)
  to   space 33280K, 0% used [0x00000000f2a80000,0x00000000f2a80000,0x00000000f4b00000)
 ParOldGen       total 176640K, used 49404K [0x00000000a0000000, 0x00000000aac80000, 0x00000000e0000000)
  object space 176640K, 27% used [0x00000000a0000000,0x00000000a303f230,0x00000000aac80000)
 Metaspace       used 95812K, capacity 99450K, committed 100888K, reserved 1136640K
  class space    used 11989K, capacity 12723K, committed 13096K, reserved 1048576K
Event: 2331.489 GC heap after
Heap after GC invocations=37 (full 4):
 PSYoungGen      total 338944K, used 15186K [0x00000000e0000000, 0x00000000f9800000, 0x0000000100000000)
  eden space 305664K, 0% used [0x00000000e0000000,0x00000000e0000000,0x00000000f2a80000)
  from space 33280K, 45% used [0x00000000f2a80000,0x00000000f3954840,0x00000000f4b00000)
  to   space 31744K, 0% used [0x00000000f7900000,0x00000000f7900000,0x00000000f9800000)
 ParOldGen       total 176640K, used 50820K [0x00000000a0000000, 0x00000000aac80000, 0x00000000e0000000)
  object space 176640K, 28% used [0x00000000a0000000,0x00000000a31a1280,0x00000000aac80000)
 Metaspace       used 95812K, capacity 99450K, committed 100888K, reserved 1136640K
  class space    used 11989K, capacity 12723K, committed 13096K, reserved 1048576K
}
Event: 2333.694 GC heap before
{Heap before GC invocations=38 (full 4):
 PSYoungGen      total 338944K, used 319729K [0x00000000e0000000, 0x00000000f9800000, 0x0000000100000000)
  eden space 305664K, 99% used [0x00000000e0000000,0x00000000f2967e28,0x00000000f2a80000)
  from space 33280K, 45% used [0x00000000f2a80000,0x00000000f3954840,0x00000000f4b00000)
  to   space 31744K, 0% used [0x00000000f7900000,0x00000000f7900000,0x00000000f9800000)
 ParOldGen       total 176640K, used 50820K [0x00000000a0000000, 0x00000000aac80000, 0x00000000e0000000)
  object space 176640K, 28% used [0x00000000a0000000,0x00000000a31a1280,0x00000000aac80000)
 Metaspace       used 96646K, capacity 100432K, committed 101400K, reserved 1138688K
  class space    used 12072K, capacity 12838K, committed 13096K, reserved 1048576K
Event: 2333.697 GC heap after
Heap after GC invocations=38 (full 4):
 PSYoungGen      total 375808K, used 3843K [0x00000000e0000000, 0x00000000f9300000, 0x0000000100000000)
  eden space 349184K, 0% used [0x00000000e0000000,0x00000000e0000000,0x00000000f5500000)
  from space 26624K, 14% used [0x00000000f7900000,0x00000000f7cc0d00,0x00000000f9300000)
  to   space 31744K, 0% used [0x00000000f5500000,0x00000000f5500000,0x00000000f7400000)
 ParOldGen       total 176640K, used 50884K [0x00000000a0000000, 0x00000000aac80000, 0x00000000e0000000)
  object space 176640K, 28% used [0x00000000a0000000,0x00000000a31b1280,0x00000000aac80000)
 Metaspace       used 96646K, capacity 100432K, committed 101400K, reserved 1138688K
  class space    used 12072K, capacity 12838K, committed 13096K, reserved 1048576K
}
Event: 5552.112 GC heap before
{Heap before GC invocations=39 (full 4):
 PSYoungGen      total 375808K, used 353027K [0x00000000e0000000, 0x00000000f9300000, 0x0000000100000000)
  eden space 349184K, 100% used [0x00000000e0000000,0x00000000f5500000,0x00000000f5500000)
  from space 26624K, 14% used [0x00000000f7900000,0x00000000f7cc0d00,0x00000000f9300000)
  to   space 31744K, 0% used [0x00000000f5500000,0x00000000f5500000,0x00000000f7400000)
 ParOldGen       total 176640K, used 50884K [0x00000000a0000000, 0x00000000aac80000, 0x00000000e0000000)
  object space 176640K, 28% used [0x00000000a0000000,0x00000000a31b1280,0x00000000aac80000)
 Metaspace       used 98020K, capacity 102178K, committed 102808K, reserved 1138688K
  class space    used 12260K, capacity 13070K, committed 13224K, reserved 1048576K
Event: 5552.409 GC heap after
Heap after GC invocations=39 (full 4):
 PSYoungGen      total 380928K, used 18869K [0x00000000e0000000, 0x00000000fbd80000, 0x0000000100000000)
  eden space 349184K, 0% used [0x00000000e0000000,0x00000000e0000000,0x00000000f5500000)
  from space 31744K, 59% used [0x00000000f5500000,0x00000000f676d640,0x00000000f7400000)
  to   space 31744K, 0% used [0x00000000f9e80000,0x00000000f9e80000,0x00000000fbd80000)
 ParOldGen       total 176640K, used 51252K [0x00000000a0000000, 0x00000000aac80000, 0x00000000e0000000)
  object space 176640K, 29% used [0x00000000a0000000,0x00000000a320d280,0x00000000aac80000)
 Metaspace       used 98020K, capacity 102178K, committed 102808K, reserved 1138688K
  class space    used 12260K, capacity 13070K, committed 13224K, reserved 1048576K
}

